[0/2] Re-checking globbed directories...
[1/64] Copying OS X Content webro_artefacts/Standalone/webro.app/Contents/Resources/RecentFilesMenuTemplate.nib
[2/64] Generating webro_artefacts/JuceLibraryCode/JuceHeader.h
[3/64] Building C object CMakeFiles/webro.dir/Users/kk/Desktop/YO/code/JUCE/modules/juce_graphics/juce_graphics_Sheenbidi.c.o
[4/64] Building CXX object CMakeFiles/webro.dir/Users/kk/Desktop/YO/code/JUCE/modules/juce_core/juce_core_CompilationTime.cpp.o
[5/64] Building CXX object CMakeFiles/webro_vst3_helper.dir/Users/kk/Desktop/YO/code/JUCE/modules/juce_audio_plugin_client/VST3/juce_VST3ManifestHelper.mm.o
[6/64] Building CXX object CMakeFiles/webro.dir/Users/kk/Desktop/YO/code/JUCE/modules/juce_events/juce_events.mm.o
[7/64] Building CXX object CMakeFiles/webro.dir/Users/kk/Desktop/YO/code/JUCE/modules/juce_audio_processors_headless/juce_audio_processors_headless_ara.cpp.o
[8/64] Building CXX object CMakeFiles/webro.dir/Users/kk/Desktop/YO/code/JUCE/modules/juce_audio_processors_headless/juce_audio_processors_headless_lv2_libs.cpp.o
[9/64] Building CXX object CMakeFiles/webro.dir/Users/kk/Desktop/YO/code/JUCE/modules/juce_data_structures/juce_data_structures.mm.o
[10/64] Building CXX object CMakeFiles/webro.dir/Source/PluginProcessor.cpp.o
In file included from /Users/kk/Desktop/YO/code/webro/Source/PluginProcessor.cpp:2:
/Users/kk/Desktop/YO/code/webro/Source/PluginEditor.h:36:16: warning: 'Font' is deprecated: Use the constructor that takes a FontOptions argument [-Wdeprecated-declarations]
   36 |         return juce::Font ((float) juce::jmax (10, buttonHeight - 6));
      |                ^
/Users/kk/Desktop/YO/code/JUCE/modules/juce_graphics/fonts/juce_Font.h:76:7: note: 'Font' has been explicitly marked deprecated here
   76 |     [[deprecated ("Use the constructor that takes a FontOptions argument")]]
      |       ^
1 warning generated.
[11/64] Building CXX object CMakeFiles/webro.dir/Source/PluginEditor.cpp.o
In file included from /Users/kk/Desktop/YO/code/webro/Source/PluginEditor.cpp:1:
/Users/kk/Desktop/YO/code/webro/Source/PluginEditor.h:36:16: warning: 'Font' is deprecated: Use the constructor that takes a FontOptions argument [-Wdeprecated-declarations]
   36 |         return juce::Font ((float) juce::jmax (10, buttonHeight - 6));
      |                ^
/Users/kk/Desktop/YO/code/JUCE/modules/juce_graphics/fonts/juce_Font.h:76:7: note: 'Font' has been explicitly marked deprecated here
   76 |     [[deprecated ("Use the constructor that takes a FontOptions argument")]]
      |       ^
/Users/kk/Desktop/YO/code/webro/Source/PluginEditor.cpp:19:24: warning: 'Font' is deprecated: Use the constructor that takes a FontOptions argument [-Wdeprecated-declarations]
   19 |     urlEditor.setFont (juce::Font (12.0f));
      |                        ^
/Users/kk/Desktop/YO/code/JUCE/modules/juce_graphics/fonts/juce_Font.h:76:7: note: 'Font' has been explicitly marked deprecated here
   76 |     [[deprecated ("Use the constructor that takes a FontOptions argument")]]
      |       ^
2 warnings generated.
[12/64] Building CXX object CMakeFiles/webro.dir/Users/kk/Desktop/YO/code/JUCE/modules/juce_core/juce_core.mm.o
[13/64] Building CXX object CMakeFiles/webro.dir/Users/kk/Desktop/YO/code/JUCE/modules/juce_audio_processors/juce_audio_processors.mm.o
[14/64] Linking CXX executable webro_vst3_helper
[15/64] Building CXX object CMakeFiles/webro.dir/Users/kk/Desktop/YO/code/JUCE/modules/juce_gui_extra/juce_gui_extra.mm.o
[16/64] Building CXX object CMakeFiles/webro.dir/Users/kk/Desktop/YO/code/JUCE/modules/juce_audio_processors_headless/juce_audio_processors_headless.mm.o
[17/64] Building CXX object CMakeFiles/webro.dir/Users/kk/Desktop/YO/code/JUCE/modules/juce_audio_basics/juce_audio_basics.mm.o
[18/64] Building CXX object CMakeFiles/webro.dir/Users/kk/Desktop/YO/code/JUCE/modules/juce_audio_formats/juce_audio_formats.mm.o
[19/64] Building CXX object CMakeFiles/webro.dir/Users/kk/Desktop/YO/code/JUCE/modules/juce_graphics/juce_graphics.mm.o
[20/64] Building CXX object CMakeFiles/webro.dir/Users/kk/Desktop/YO/code/JUCE/modules/juce_audio_devices/juce_audio_devices.mm.o
[21/64] Building CXX object CMakeFiles/webro.dir/Users/kk/Desktop/YO/code/JUCE/modules/juce_graphics/juce_graphics_Harfbuzz.cpp.o
[22/64] Building CXX object CMakeFiles/webro.dir/Users/kk/Desktop/YO/code/JUCE/modules/juce_audio_utils/juce_audio_utils.mm.o
[23/64] Building CXX object CMakeFiles/webro.dir/Users/kk/Desktop/YO/code/JUCE/modules/juce_gui_basics/juce_gui_basics.mm.o
[24/64] Linking CXX static library webro_artefacts/libwebro_SharedCode.a
[25/64] Generating webro_artefacts/JuceLibraryCode/webro_Standalone/PkgInfo
[26/64] Generating webro_artefacts/JuceLibraryCode/webro_VST3/PkgInfo
[27/64] Generating webro_artefacts/JuceLibraryCode/webro_AU/PkgInfo
[28/64] Building CXX object CMakeFiles/webro_Standalone.dir/Users/kk/Desktop/YO/code/JUCE/modules/juce_audio_plugin_client/juce_audio_plugin_client_Unity.cpp.o
[29/64] Building CXX object CMakeFiles/webro_Standalone.dir/Users/kk/Desktop/YO/code/JUCE/modules/juce_audio_plugin_client/juce_audio_plugin_client_ARA.cpp.o
[30/64] Building CXX object CMakeFiles/webro_Standalone.dir/Users/kk/Desktop/YO/code/JUCE/modules/juce_audio_plugin_client/juce_audio_plugin_client_AAX_utils.cpp.o
[31/64] Building CXX object CMakeFiles/webro_Standalone.dir/Users/kk/Desktop/YO/code/JUCE/modules/juce_audio_plugin_client/juce_audio_plugin_client_LV2.mm.o
[32/64] Building CXX object CMakeFiles/webro_Standalone.dir/Users/kk/Desktop/YO/code/JUCE/modules/juce_audio_plugin_client/juce_audio_plugin_client_AU_1.mm.o
[33/64] Building CXX object CMakeFiles/webro_Standalone.dir/Users/kk/Desktop/YO/code/JUCE/modules/juce_audio_plugin_client/juce_audio_plugin_client_AU_2.mm.o
[34/64] Building CXX object CMakeFiles/webro_Standalone.dir/Users/kk/Desktop/YO/code/JUCE/modules/juce_audio_plugin_client/juce_audio_plugin_client_VST2.mm.o
[35/64] Building CXX object CMakeFiles/webro_Standalone.dir/Users/kk/Desktop/YO/code/JUCE/modules/juce_audio_plugin_client/juce_audio_plugin_client_AAX.mm.o
[36/64] Building CXX object CMakeFiles/webro_Standalone.dir/Users/kk/Desktop/YO/code/JUCE/modules/juce_audio_plugin_client/juce_audio_plugin_client_AUv3.mm.o
[37/64] Building CXX object CMakeFiles/webro_AU.dir/Users/kk/Desktop/YO/code/JUCE/modules/juce_audio_plugin_client/juce_audio_plugin_client_Standalone.cpp.o
[38/64] Building CXX object CMakeFiles/webro_AU.dir/Users/kk/Desktop/YO/code/JUCE/modules/juce_audio_plugin_client/juce_audio_plugin_client_AAX_utils.cpp.o
[39/64] Building CXX object CMakeFiles/webro_Standalone.dir/Users/kk/Desktop/YO/code/JUCE/modules/juce_audio_plugin_client/juce_audio_plugin_client_VST3.mm.o
[40/64] Building CXX object CMakeFiles/webro_AU.dir/Users/kk/Desktop/YO/code/JUCE/modules/juce_audio_plugin_client/juce_audio_plugin_client_ARA.cpp.o
[41/64] Building CXX object CMakeFiles/webro_AU.dir/Users/kk/Desktop/YO/code/JUCE/modules/juce_audio_plugin_client/juce_audio_plugin_client_Unity.cpp.o
[42/64] Building CXX object CMakeFiles/webro_AU.dir/Users/kk/Desktop/YO/code/JUCE/modules/juce_audio_plugin_client/juce_audio_plugin_client_AAX.mm.o
[43/64] Building CXX object CMakeFiles/webro_AU.dir/Users/kk/Desktop/YO/code/JUCE/modules/juce_audio_plugin_client/juce_audio_plugin_client_AUv3.mm.o
[44/64] Building CXX object CMakeFiles/webro_AU.dir/Users/kk/Desktop/YO/code/JUCE/modules/juce_audio_plugin_client/juce_audio_plugin_client_LV2.mm.o
[45/64] Building CXX object CMakeFiles/webro_AU.dir/Users/kk/Desktop/YO/code/JUCE/modules/juce_audio_plugin_client/juce_audio_plugin_client_VST3.mm.o
[46/64] Building CXX object CMakeFiles/webro_VST3.dir/Users/kk/Desktop/YO/code/JUCE/modules/juce_audio_plugin_client/juce_audio_plugin_client_Standalone.cpp.o
[47/64] Building CXX object CMakeFiles/webro_AU.dir/Users/kk/Desktop/YO/code/JUCE/modules/juce_audio_plugin_client/juce_audio_plugin_client_VST2.mm.o
[48/64] Building CXX object CMakeFiles/webro_VST3.dir/Users/kk/Desktop/YO/code/JUCE/modules/juce_audio_plugin_client/juce_audio_plugin_client_AAX_utils.cpp.o
[49/64] Building CXX object CMakeFiles/webro_VST3.dir/Users/kk/Desktop/YO/code/JUCE/modules/juce_audio_plugin_client/juce_audio_plugin_client_ARA.cpp.o
[50/64] Building CXX object CMakeFiles/webro_VST3.dir/Users/kk/Desktop/YO/code/JUCE/modules/juce_audio_plugin_client/juce_audio_plugin_client_Unity.cpp.o
[51/64] Building CXX object CMakeFiles/webro_VST3.dir/Users/kk/Desktop/YO/code/JUCE/modules/juce_audio_plugin_client/juce_audio_plugin_client_AAX.mm.o
[52/64] Building CXX object CMakeFiles/webro_VST3.dir/Users/kk/Desktop/YO/code/JUCE/modules/juce_audio_plugin_client/juce_audio_plugin_client_LV2.mm.o
[53/64] Building CXX object CMakeFiles/webro_VST3.dir/Users/kk/Desktop/YO/code/JUCE/modules/juce_audio_plugin_client/juce_audio_plugin_client_AU_1.mm.o
[54/64] Building CXX object CMakeFiles/webro_VST3.dir/Users/kk/Desktop/YO/code/JUCE/modules/juce_audio_plugin_client/juce_audio_plugin_client_AUv3.mm.o
[55/64] Building CXX object CMakeFiles/webro_VST3.dir/Users/kk/Desktop/YO/code/JUCE/modules/juce_audio_plugin_client/juce_audio_plugin_client_AU_2.mm.o
[56/64] Building CXX object CMakeFiles/webro_VST3.dir/Users/kk/Desktop/YO/code/JUCE/modules/juce_audio_plugin_client/juce_audio_plugin_client_VST2.mm.o
[57/64] Building CXX object CMakeFiles/webro_AU.dir/Users/kk/Desktop/YO/code/JUCE/modules/juce_audio_plugin_client/juce_audio_plugin_client_AU_2.mm.o
[58/64] Building CXX object CMakeFiles/webro_Standalone.dir/Users/kk/Desktop/YO/code/JUCE/modules/juce_audio_plugin_client/juce_audio_plugin_client_Standalone.cpp.o
[59/64] Linking CXX executable webro_artefacts/Standalone/webro.app/Contents/MacOS/webro
[60/64] Building CXX object CMakeFiles/webro_AU.dir/Users/kk/Desktop/YO/code/JUCE/modules/juce_audio_plugin_client/juce_audio_plugin_client_AU_1.mm.o
[61/64] Linking CXX CFBundle shared module webro_artefacts/AU/webro.component/Contents/MacOS/webro
/Users/kk/Desktop/YO/code/webro/build/webro_artefacts/AU/webro.component: code has no resources but signature indicates they must be present
-- Replacing invalid signature with ad-hoc signature
/Users/kk/Desktop/YO/code/webro/build/webro_artefacts/AU/webro.component: replacing existing signature
-- Installing: /Users/kk/Library/Audio/Plug-Ins/Components/webro.component
-- Installing: /Users/kk/Library/Audio/Plug-Ins/Components/webro.component/Contents
-- Installing: /Users/kk/Library/Audio/Plug-Ins/Components/webro.component/Contents/_CodeSignature
-- Installing: /Users/kk/Library/Audio/Plug-Ins/Components/webro.component/Contents/_CodeSignature/CodeResources
-- Installing: /Users/kk/Library/Audio/Plug-Ins/Components/webro.component/Contents/MacOS
-- Installing: /Users/kk/Library/Audio/Plug-Ins/Components/webro.component/Contents/MacOS/webro
-- Installing: /Users/kk/Library/Audio/Plug-Ins/Components/webro.component/Contents/Info.plist
-- Installing: /Users/kk/Library/Audio/Plug-Ins/Components/webro.component/Contents/PkgInfo
[62/64] Building CXX object CMakeFiles/webro_VST3.dir/Users/kk/Desktop/YO/code/JUCE/modules/juce_audio_plugin_client/juce_audio_plugin_client_VST3.mm.o
[63/64] Linking CXX CFBundle shared module webro_artefacts/VST3/webro.vst3/Contents/MacOS/webro
/Users/kk/Desktop/YO/code/webro/build/webro_artefacts/VST3/webro.vst3: code has no resources but signature indicates they must be present
-- Replacing invalid signature with ad-hoc signature
/Users/kk/Desktop/YO/code/webro/build/webro_artefacts/VST3/webro.vst3: replacing existing signature
removing moduleinfo.json
creating /Users/kk/Desktop/YO/code/webro/build/webro_artefacts//VST3/webro.vst3
/Users/kk/Desktop/YO/code/webro/build/webro_artefacts/VST3/webro.vst3: a sealed resource is missing or invalid
-- Replacing invalid signature with ad-hoc signature
/Users/kk/Desktop/YO/code/webro/build/webro_artefacts/VST3/webro.vst3: replacing existing signature
-- Destination /Users/kk/Library/Audio/Plug-Ins/VST3/webro.vst3 exists, overwriting
-- Installing: /Users/kk/Library/Audio/Plug-Ins/VST3/webro.vst3
-- Installing: /Users/kk/Library/Audio/Plug-Ins/VST3/webro.vst3/Contents
-- Installing: /Users/kk/Library/Audio/Plug-Ins/VST3/webro.vst3/Contents/_CodeSignature
-- Installing: /Users/kk/Library/Audio/Plug-Ins/VST3/webro.vst3/Contents/_CodeSignature/CodeResources
-- Installing: /Users/kk/Library/Audio/Plug-Ins/VST3/webro.vst3/Contents/MacOS
-- Installing: /Users/kk/Library/Audio/Plug-Ins/VST3/webro.vst3/Contents/MacOS/webro
-- Installing: /Users/kk/Library/Audio/Plug-Ins/VST3/webro.vst3/Contents/Resources
-- Installing: /Users/kk/Library/Audio/Plug-Ins/VST3/webro.vst3/Contents/Resources/moduleinfo.json
-- Installing: /Users/kk/Library/Audio/Plug-Ins/VST3/webro.vst3/Contents/Info.plist
-- Installing: /Users/kk/Library/Audio/Plug-Ins/VST3/webro.vst3/Contents/PkgInfo
